<?xml version="1.0" encoding="UTF-8"?>
<!-- Generated by org.testng.reporters.JUnitReportReporter -->
<testsuite skipped="0" hostname="DESKTOP-L8973B7" name="com.bridgelabz.testcases.TC_AdminLogin_01" tests="3" failures="0" timestamp="18 Jun 2020 17:29:50 GMT" time="32.184" errors="0">
  <testcase name="validatetingWithValidCridentialOfAdmin" time="10.697" classname="com.bridgelabz.testcases.TC_AdminLogin_01"/>
  <testcase name="validatetingWithValidCridentialOfSeller" time="10.059" classname="com.bridgelabz.testcases.TC_AdminLogin_01"/>
  <testcase name="validatetingWithValidCridential" time="11.428" classname="com.bridgelabz.testcases.TC_AdminLogin_01"/>
</testsuite> <!-- com.bridgelabz.testcases.TC_AdminLogin_01 -->
