<?xml version="1.0" encoding="UTF-8"?>
<!-- Generated by org.testng.reporters.JUnitReportReporter -->
<testsuite skipped="0" hostname="DESKTOP-L8973B7" name="com.bridgelabz.testcases.Test12" tests="1" failures="0" timestamp="20 May 2020 06:46:17 GMT" time="0.014" errors="0">
  <testcase name="RunTest" time="0.014" classname="com.bridgelabz.testcases.Test12"/>
</testsuite> <!-- com.bridgelabz.testcases.Test12 -->
